 >>> Trying GET method for link https://www.metrocuadrado.com/casa/venta/bogota/ ... 
Using IP Proxy: 157.100.12.138:999 ... 
Site can't be reached, Retrying
Using IP Proxy: 68.183.242.248:3128 ... 
Site can't be reached, Retrying
Using IP Proxy: 186.96.108.30:8080 ... 
Site can't be reached, Retrying
Using local Proxy: 
Got it!
 L [page:1] a:href links collected > 50
 L [page:2] a:href links collected > 100
 L [page:3] a:href links collected > 150
 L [page:4] a:href links collected > 200
 L [page:5] a:href links collected > 250
 L [page:6] a:href links collected > 300
 L [page:7] a:href links collected > 350
 L [page:8] a:href links collected > 400
 L [page:9] a:href links collected > 450
 L [page:10] a:href links collected > 500
 L [page:11] a:href links collected > 550
 L [page:12] a:href links collected > 600
 L [page:13] a:href links collected > 650
 L [page:14] a:href links collected > 700
 L [page:15] a:href links collected > 750
 L [page:16] a:href links collected > 800
 L [page:17] a:href links collected > 850
 L [page:18] a:href links collected > 900
 L [page:19] a:href links collected > 950
 L [page:20] a:href links collected > 1000
 L [page:21] a:href links collected > 1050
 L [page:22] a:href links collected > 1100
 L [page:23] a:href links collected > 1150
 L [page:24] a:href links collected > 1200
 L [page:25] a:href links collected > 1250
 L [page:26] a:href links collected > 1300
 L [page:27] a:href links collected > 1350
 L [page:28] a:href links collected > 1400
 L [page:29] a:href links collected > 1450
 L [page:30] a:href links collected > 1500
 L [page:31] a:href links collected > 1550
 L [page:32] a:href links collected > 1600
 L [page:33] a:href links collected > 1650
 L [page:34] a:href links collected > 1700
 L [page:35] a:href links collected > 1750
 L [page:36] a:href links collected > 1800
 L [page:37] a:href links collected > 1850
 L [page:38] a:href links collected > 1900
 L [page:39] a:href links collected > 1950
 L [page:40] a:href links collected > 2000
 L [page:41] a:href links collected > 2050
 L [page:42] a:href links collected > 2100
 L [page:43] a:href links collected > 2150
 L [page:44] a:href links collected > 2200
 L [page:45] a:href links collected > 2250
 L [page:46] a:href links collected > 2300
 L [page:47] a:href links collected > 2350
 L [page:48] a:href links collected > 2400
 L [page:49] a:href links collected > 2450
 L [page:50] a:href links collected > 2500
 L [page:51] a:href links collected > 2550
 L [page:52] a:href links collected > 2600
 L [page:53] a:href links collected > 2650
 L [page:54] a:href links collected > 2700
 L [page:55] a:href links collected > 2750
 L [page:56] a:href links collected > 2800
 L [page:57] a:href links collected > 2850
 L [page:58] a:href links collected > 2900
 L [page:59] a:href links collected > 2950
 L [page:60] a:href links collected > 3000
 L [page:61] a:href links collected > 3050
 L [page:62] a:href links collected > 3100
 L [page:63] a:href links collected > 3150
 L [page:64] a:href links collected > 3200
 L [page:65] a:href links collected > 3250
 L [page:66] a:href links collected > 3300
 L [page:67] a:href links collected > 3350
 L [page:68] a:href links collected > 3400
 L [page:69] a:href links collected > 3450
 L [page:70] a:href links collected > 3500
 L [page:71] a:href links collected > 3550
 L [page:72] a:href links collected > 3600
 L [page:73] a:href links collected > 3650
 L [page:74] a:href links collected > 3700
 L [page:75] a:href links collected > 3750
 L [page:76] a:href links collected > 3800
 L [page:77] a:href links collected > 3850
 L [page:78] a:href links collected > 3900
 L [page:79] a:href links collected > 3950
 L [page:80] a:href links collected > 4000
 L [page:81] a:href links collected > 4050
 L [page:82] a:href links collected > 4100
 L [page:83] a:href links collected > 4150
 L [page:84] a:href links collected > 4200
 L [page:85] a:href links collected > 4250
 L [page:86] a:href links collected > 4300
 L [page:87] a:href links collected > 4350
 L [page:88] a:href links collected > 4400
 L [page:89] a:href links collected > 4450
 L [page:90] a:href links collected > 4500
 L [page:91] a:href links collected > 4550
 L [page:92] a:href links collected > 4600
 L [page:93] a:href links collected > 4650
 L [page:94] a:href links collected > 4700
 L [page:95] a:href links collected > 4750
 L [page:96] a:href links collected > 4800
 L [page:97] a:href links collected > 4850
 L [page:98] a:href links collected > 4900
 L [page:99] a:href links collected > 4950
 L [page:100] a:href links collected > 5000
 L [page:101] a:href links collected > 5050
 L [page:102] a:href links collected > 5100
 L [page:103] a:href links collected > 5150
 L [page:104] a:href links collected > 5200
