POSTCODE:[6322198] operation [SUCCESS] , link:https://fincaraiz.com.co/inmueble/casa-en-venta/barrio-abajo/mompos/6322198
Appending data ... Data Successfully appended [OK]
POSTCODE:[6361533] operation [SUCCESS] , link:https://fincaraiz.com.co/inmueble/casa-en-venta/centro/mompos/6361533
Appending data ... Data Successfully appended [OK]
POSTCODE:[7316355] operation [SUCCESS] , link:https://fincaraiz.com.co/inmueble/casa-en-venta/faciolince/mompos/7316355
Appending data ... Data Successfully appended [OK]
POSTCODE:[7709953] operation [SUCCESS] , link:https://fincaraiz.com.co/inmueble/casa-en-venta/centro-historico/mompos/7709953
Appending data ... Data Successfully appended [OK]
POSTCODE:[6717029] operation [SUCCESS] , link:https://fincaraiz.com.co/inmueble/casa-en-venta/centro/mompos/6717029
Appending data ... Data Successfully appended [OK]
POSTCODE:[7500152] operation [SUCCESS] , link:https://fincaraiz.com.co/inmueble/casa-en-venta/barrio-abajo/mompos/7500152
Appending data ... Data Successfully appended [OK]
POSTCODE:[7300099] operation [SUCCESS] , link:https://fincaraiz.com.co/inmueble/casa-en-venta/barrio-arriba/mompos/7300099
Appending data ... Data Successfully appended [OK]
POSTCODE:[6961374] operation [SUCCESS] , link:https://fincaraiz.com.co/inmueble/casa-en-venta/barrio-abajo/mompos/6961374
Appending data ... Data Successfully appended [OK]
POSTCODE:[7116829] operation [SUCCESS] , link:https://fincaraiz.com.co/inmueble/casa-en-venta/barrio-arriba/mompos/7116829
Appending data ... Data Successfully appended [OK]
POSTCODE:[7099818] operation [SUCCESS] , link:https://fincaraiz.com.co/inmueble/casa-en-venta/centro/mompos/7099818
Appending data ... Data Successfully appended [OK]
POSTCODE:[6829716] operation [SUCCESS] , link:https://fincaraiz.com.co/inmueble/casa-en-venta/barrio-arriba/mompos/6829716
Appending data ... Data Successfully appended [OK]
POSTCODE:[6159133] operation [SUCCESS] , link:https://fincaraiz.com.co/inmueble/casa-en-venta/barrio-abajo/mompos/6159133
Appending data ... Data Successfully appended [OK]
POSTCODE:[6160845] operation [SUCCESS] , link:https://fincaraiz.com.co/inmueble/casa-en-venta/barrio-abajo/mompos/6160845
Appending data ... Data Successfully appended [OK]
POSTCODE:[7247049] operation [SUCCESS] , link:https://fincaraiz.com.co/inmueble/casa-en-venta/centro/mompos/7247049
Appending data ... Data Successfully appended [OK]
POSTCODE:[7547223] operation [SUCCESS] , link:https://fincaraiz.com.co/inmueble/casa-en-venta/barrio-arriba/mompos/7547223
Appending data ... Data Successfully appended [OK]
POSTCODE:[6142725] operation [SUCCESS] , link:https://fincaraiz.com.co/inmueble/casa-en-venta/centro/mompos/6142725
Appending data ... Data Successfully appended [OK]
POSTCODE:[7373535] operation [SUCCESS] , link:https://fincaraiz.com.co/inmueble/casa-en-venta/centro/mompos/7373535
Appending data ... Data Successfully appended [OK]
POSTCODE:[7656690] operation [SUCCESS] , link:https://fincaraiz.com.co/inmueble/casa-en-venta/centro/mompos/7656690
Appending data ... Data Successfully appended [OK]
POSTCODE:[6978555] operation [SUCCESS] , link:https://fincaraiz.com.co/inmueble/casa-en-venta/centro/mompos/6978555
Appending data ... Data Successfully appended [OK]
POSTCODE:[7570909] operation [SUCCESS] , link:https://fincaraiz.com.co/inmueble/casa-en-venta/barrio-abajo/mompos/7570909
Appending data ... Data Successfully appended [OK]
POSTCODE:[7404497] operation [SUCCESS] , link:https://fincaraiz.com.co/inmueble/casa-en-venta/san-carlos/mompos/7404497
Appending data ... Data Successfully appended [OK]
POSTCODE:[7543518] operation [SUCCESS] , link:https://fincaraiz.com.co/inmueble/casa-en-venta/barrio-arriba/mompos/7543518
Appending data ... Data Successfully appended [OK]
POSTCODE:[7129534] operation [SUCCESS] , link:https://fincaraiz.com.co/inmueble/casa-en-venta/barrio-abajo/mompos/7129534
Appending data ... Data Successfully appended [OK]
POSTCODE:[7221508] operation [SUCCESS] , link:https://fincaraiz.com.co/inmueble/casa-en-venta/centro/mompos/7221508
Appending data ... Data Successfully appended [OK]
POSTCODE:[6561440] operation [SUCCESS] , link:https://fincaraiz.com.co/inmueble/casa-en-venta/centro/mompos/6561440
Appending data ... Data Successfully appended [OK]
POSTCODE:[7678887] operation [SUCCESS] , link:https://fincaraiz.com.co/inmueble/casa-en-venta/palmira/barrancabermeja/7678887
Appending data ... Data Successfully appended [OK]
POSTCODE:[7643222] operation [SUCCESS] , link:https://fincaraiz.com.co/inmueble/casa-en-venta/palmira/barrancabermeja/7643222
Appending data ... Data Successfully appended [OK]
POSTCODE:[7659239] operation [SUCCESS] , link:https://fincaraiz.com.co/inmueble/casa-en-venta/el-refugio-cincuentenario/barrancabermeja/7659239
Appending data ... Data Successfully appended [OK]
POSTCODE:[7564052] operation [SUCCESS] , link:https://fincaraiz.com.co/inmueble/casa-en-venta/pueblo-nuevo/barrancabermeja/7564052
Appending data ... Data Successfully appended [OK]
POSTCODE:[7659188] operation [SUCCESS] , link:https://fincaraiz.com.co/inmueble/casa-en-venta/el-refugio-cincuentenario/barrancabermeja/7659188
Appending data ... Data Successfully appended [OK]
Saving data collect to finra.dat ... Data Saved to finra.dat [OK], exiting script ...
