POSTCODE:[9894-M3738339], link:https://www.metrocuadrado.com/inmueble/venta-casa-barrancabermeja-barrio-campestre-4-habitaciones-3-banos-1-garajes/9894-M3738339
Appending data ... Data Successfully appended [OK]
POSTCODE:[223-M3080628], link:https://www.metrocuadrado.com/inmueble/venta-casa-barrancabermeja-uribe-uribe-4-habitaciones-5-banos/223-M3080628
Appending data ... Data Successfully appended [OK]
POSTCODE:[734-M3723119], link:https://www.metrocuadrado.com/inmueble/venta-casa-barrancabermeja-recreo-5-habitaciones-5-banos-1-garajes/734-M3723119
Appending data ... Data Successfully appended [OK]
POSTCODE:[223-M3007006], link:https://www.metrocuadrado.com/inmueble/venta-casa-barrancabermeja-la-libertad-4-habitaciones-5-banos-1-garajes/223-M3007006
Appending data ... Data Successfully appended [OK]
Error at extracting process: POSTCODE:[223-M2963677], link:https://www.metrocuadrado.com/inmueble/venta-casa-barrancabermeja-la-floresta-4-habitaciones-5-banos-1-garajes/223-M2963677
POSTCODE:[314-60711], link:https://www.metrocuadrado.com/inmueble/venta-casa-barrancabermeja-palmira-5-habitaciones-4-banos/314-60711
Appending data ... Data Successfully appended [OK]
POSTCODE:[223-M3053563], link:https://www.metrocuadrado.com/inmueble/venta-casa-barrancabermeja-galan-3-4-habitaciones-3-banos-1-garajes/223-M3053563
Appending data ... Data Successfully appended [OK]
POSTCODE:[223-M2725534], link:https://www.metrocuadrado.com/inmueble/venta-casa-barrancabermeja-buenos-aires-3-habitaciones-3-banos-1-garajes/223-M2725534
Appending data ... Data Successfully appended [OK]
POSTCODE:[314-60868], link:https://www.metrocuadrado.com/inmueble/venta-casa-barrancabermeja-colombia-4-habitaciones-3-banos-1-garajes/314-60868
Appending data ... Data Successfully appended [OK]
Error at extracting process: POSTCODE:[223-M3744079], link:https://www.metrocuadrado.com/inmueble/venta-casa-barrancabermeja-los-pinos-5-habitaciones-3-banos-1-garajes/223-M3744079
POSTCODE:[223-3540], link:https://www.metrocuadrado.com/inmueble/venta-casa-barrancabermeja-pueblo-nuevo-4-habitaciones-3-banos-1-garajes/223-3540
Appending data ... Data Successfully appended [OK]
POSTCODE:[223-M3446236], link:https://www.metrocuadrado.com/inmueble/venta-casa-barrancabermeja-floresta-baja-3-habitaciones-2-banos-1-garajes/223-M3446236
Appending data ... Data Successfully appended [OK]
POSTCODE:[223-3514], link:https://www.metrocuadrado.com/inmueble/venta-casa-barrancabermeja-colombia-4-habitaciones-4-banos-1-garajes/223-3514
Appending data ... Data Successfully appended [OK]
POSTCODE:[223-M2370223], link:https://www.metrocuadrado.com/inmueble/venta-casa-barrancabermeja-colombia-3-habitaciones-4-banos-1-garajes/223-M2370223
Appending data ... Data Successfully appended [OK]
POSTCODE:[223-2333], link:https://www.metrocuadrado.com/inmueble/venta-casa-barrancabermeja-primero-de-mayo-2-habitaciones-2-banos-1-garajes/223-2333
Appending data ... Data Successfully appended [OK]
POSTCODE:[MC3885039], link:https://www.metrocuadrado.com/inmueble/venta-casa-barrancabermeja-colombia-3-habitaciones-3-banos-1-garajes/MC3885039
Appending data ... Data Successfully appended [OK]
POSTCODE:[223-M3067681], link:https://www.metrocuadrado.com/inmueble/venta-casa-barrancabermeja-la-floresta-3-habitaciones-2-banos-1-garajes/223-M3067681
Appending data ... Data Successfully appended [OK]
POSTCODE:[223-3506], link:https://www.metrocuadrado.com/inmueble/venta-casa-barrancabermeja-primero-de-mayo-3-habitaciones-2-banos-1-garajes/223-3506
Appending data ... Data Successfully appended [OK]
Error at extracting process: POSTCODE:[223-M1925014], link:https://www.metrocuadrado.com/inmueble/venta-casa-barrancabermeja-inscredial-4-habitaciones-3-banos-1-garajes/223-M1925014
POSTCODE:[MC3892175], link:https://www.metrocuadrado.com/inmueble/venta-casa-barrancabermeja-colombia-3-habitaciones-3-banos-1-garajes/MC3892175
Appending data ... Data Successfully appended [OK]
POSTCODE:[10151-M3569484], link:https://www.metrocuadrado.com/inmueble/venta-casa-barrancabermeja-los-laureles-4-habitaciones-4-banos-1-garajes/10151-M3569484
Appending data ... Data Successfully appended [OK]
POSTCODE:[223-M3036874], link:https://www.metrocuadrado.com/inmueble/venta-casa-barrancabermeja-barrio-recreo-4-habitaciones-5-banos-1-garajes/223-M3036874
Appending data ... Data Successfully appended [OK]
POSTCODE:[223-M1968817], link:https://www.metrocuadrado.com/inmueble/venta-casa-barrancabermeja-galan-4-habitaciones-4-banos-1-garajes/223-M1968817
Appending data ... Data Successfully appended [OK]
POSTCODE:[223-M2727922], link:https://www.metrocuadrado.com/inmueble/venta-casa-barrancabermeja-buenos-aires-3-habitaciones-2-banos/223-M2727922
Appending data ... Data Successfully appended [OK]
POSTCODE:[223-3546], link:https://www.metrocuadrado.com/inmueble/venta-casa-barrancabermeja-aguas-claras-1-habitaciones-3-banos-1-garajes/223-3546
Appending data ... Data Successfully appended [OK]
POSTCODE:[11295-M3108321], link:https://www.metrocuadrado.com/inmueble/venta-casa-barrancabermeja-ciencuentenario-5-habitaciones-5-banos/11295-M3108321
Appending data ... Data Successfully appended [OK]
POSTCODE:[223-3573], link:https://www.metrocuadrado.com/inmueble/venta-casa-barrancabermeja-primero-de-mayo-3-habitaciones-2-banos-1-garajes/223-3573
Appending data ... Data Successfully appended [OK]
POSTCODE:[314-60570], link:https://www.metrocuadrado.com/inmueble/venta-casa-barrancabermeja-buenos-aires-4-habitaciones-3-banos/314-60570
Appending data ... Data Successfully appended [OK]
POSTCODE:[223-M3115448], link:https://www.metrocuadrado.com/inmueble/venta-casa-barrancabermeja-palmira-3-habitaciones-2-banos/223-M3115448
Appending data ... Data Successfully appended [OK]
POSTCODE:[223-3529], link:https://www.metrocuadrado.com/inmueble/venta-casa-barrancabermeja-cincuentenario-3-habitaciones-1-banos/223-3529
Appending data ... Data Successfully appended [OK]
POSTCODE:[223-3528], link:https://www.metrocuadrado.com/inmueble/venta-casa-barrancabermeja-cincuentenario-3-habitaciones-1-banos/223-3528
Appending data ... Data Successfully appended [OK]
POSTCODE:[223-4862], link:https://www.metrocuadrado.com/inmueble/venta-casa-barrancabermeja-primero-de-mayo-3-habitaciones-2-banos-1-garajes/223-4862
Appending data ... Data Successfully appended [OK]
POSTCODE:[223-4640], link:https://www.metrocuadrado.com/inmueble/venta-casa-barrancabermeja-primero-de-mayo-3-habitaciones-2-banos-1-garajes/223-4640
Appending data ... Data Successfully appended [OK]
POSTCODE:[223-4738], link:https://www.metrocuadrado.com/inmueble/venta-casa-barrancabermeja-primero-de-mayo-3-habitaciones-2-banos-1-garajes/223-4738
Appending data ... Data Successfully appended [OK]
POSTCODE:[223-M3203615], link:https://www.metrocuadrado.com/inmueble/venta-casa-barrancabermeja-limonar-3-habitaciones-1-banos-1-garajes/223-M3203615
Appending data ... Data Successfully appended [OK]
POSTCODE:[223-M2568474], link:https://www.metrocuadrado.com/inmueble/venta-casa-barrancabermeja-pueblo-nuevo-5-habitaciones-5-banos-3-garajes/223-M2568474
Appending data ... Data Successfully appended [OK]
POSTCODE:[223-I1896236], link:https://www.metrocuadrado.com/inmueble/venta-casa-barrancabermeja-el-recreo-2-habitaciones-3-banos-1-garajes/223-I1896236
Appending data ... Data Successfully appended [OK]
POSTCODE:[223-M3202719], link:https://www.metrocuadrado.com/inmueble/venta-casa-barrancabermeja-ciudadela-pipaton-3-habitaciones-3-banos/223-M3202719
Appending data ... Data Successfully appended [OK]
Error at extracting process: POSTCODE:[223-4800], link:https://www.metrocuadrado.com/inmueble/venta-casa-barrancabermeja-primero-de-mayo-2-habitaciones-3-banos-1-garajes/223-4800
POSTCODE:[223-M3831466], link:https://www.metrocuadrado.com/inmueble/venta-casa-barrancabermeja-el-recreo-4-habitaciones-4-banos-1-garajes/223-M3831466
Appending data ... Data Successfully appended [OK]
Error at extracting process: POSTCODE:[223-M2693862], link:https://www.metrocuadrado.com/inmueble/venta-casa-barrancabermeja-colombia-2-habitaciones-2-banos/223-M2693862
POSTCODE:[223-M3027295], link:https://www.metrocuadrado.com/inmueble/venta-casa-barrancabermeja-buenos-aires-3-habitaciones-3-banos-1-garajes/223-M3027295
Appending data ... Data Successfully appended [OK]
POSTCODE:[223-M1613909], link:https://www.metrocuadrado.com/inmueble/venta-casa-barrancabermeja-galan-gomez-4-habitaciones-3-banos-1-garajes/223-M1613909
Appending data ... Data Successfully appended [OK]
Error at extracting process: POSTCODE:[223-M3031155], link:https://www.metrocuadrado.com/inmueble/venta-casa-barrancabermeja-4-habitaciones-3-banos-1-garajes/223-M3031155
POSTCODE:[223-M2727975], link:https://www.metrocuadrado.com/inmueble/venta-casa-barrancabermeja-el-recreo-4-habitaciones-2-banos-1-garajes/223-M2727975
Appending data ... Data Successfully appended [OK]
Error at extracting process: POSTCODE:[223-5278], link:https://www.metrocuadrado.com/inmueble/venta-casa-barrancabermeja-uribe-uribe-1-habitaciones/223-5278
POSTCODE:[223-4914], link:https://www.metrocuadrado.com/inmueble/venta-casa-barrancabermeja-colombia-3-habitaciones-4-banos-1-garajes/223-4914
Appending data ... Data Successfully appended [OK]
Error at extracting process: POSTCODE:[223-5155], link:https://www.metrocuadrado.com/inmueble/venta-casa-barrancabermeja-la-castellana-4-habitaciones-1-garajes/223-5155
POSTCODE:[223-C61421], link:https://www.metrocuadrado.com/inmueble/venta-casa-barrancabermeja-galan-5-habitaciones-3-banos-2-garajes/223-C61421
Appending data ... Data Successfully appended [OK]
POSTCODE:[223-900], link:https://www.metrocuadrado.com/inmueble/venta-casa-barrancabermeja-recreo-4-habitaciones-3-banos-1-garajes/223-900
Appending data ... Data Successfully appended [OK]
POSTCODE:[223-M1615687], link:https://www.metrocuadrado.com/inmueble/venta-casa-barrancabermeja-el-refugio-4-habitaciones-3-banos-1-garajes/223-M1615687
Appending data ... Data Successfully appended [OK]
POSTCODE:[223-M1605771], link:https://www.metrocuadrado.com/inmueble/venta-casa-barrancabermeja-inscredial-4-habitaciones-3-banos-1-garajes/223-M1605771
Appending data ... Data Successfully appended [OK]
POSTCODE:[MC3839342], link:https://www.metrocuadrado.com/inmueble/venta-casa-barrancabermeja-el-recreo-3-habitaciones-2-banos-1-garajes/MC3839342
Appending data ... Data Successfully appended [OK]
Error at extracting process: POSTCODE:[223-5095], link:https://www.metrocuadrado.com/inmueble/venta-casa-barrancabermeja-colombia-4-habitaciones/223-5095
POSTCODE:[223-4996], link:https://www.metrocuadrado.com/inmueble/venta-casa-barrancabermeja-floresta-4-habitaciones-3-banos-1-garajes/223-4996
Appending data ... Data Successfully appended [OK]
POSTCODE:[223-5078], link:https://www.metrocuadrado.com/inmueble/venta-casa-barrancabermeja-galan-4-habitaciones-4-banos-1-garajes/223-5078
Appending data ... Data Successfully appended [OK]
POSTCODE:[223-5077], link:https://www.metrocuadrado.com/inmueble/venta-casa-barrancabermeja-galan-4-habitaciones-4-banos-1-garajes/223-5077
Appending data ... Data Successfully appended [OK]
POSTCODE:[223-5079], link:https://www.metrocuadrado.com/inmueble/venta-casa-barrancabermeja-galan-4-habitaciones-4-banos-1-garajes/223-5079
Appending data ... Data Successfully appended [OK]
POSTCODE:[MC26198429], link:https://www.metrocuadrado.com/inmueble/venta-casa-barrancabermeja-barrancabermeja-3-habitaciones-3-banos/MC26198429
Appending data ... Data Successfully appended [OK]
POSTCODE:[12779-M2965626], link:https://www.metrocuadrado.com/inmueble/venta-casa-barranquilla-las-delicias-4-habitaciones-3-banos-2-garajes/12779-M2965626
Appending data ... Data Successfully appended [OK]
POSTCODE:[11069-M3562079], link:https://www.metrocuadrado.com/inmueble/venta-casa-barranquilla-el-tabor-3-habitaciones-3-banos-1-garajes/11069-M3562079
Appending data ... Data Successfully appended [OK]
POSTCODE:[11069-M3607827], link:https://www.metrocuadrado.com/inmueble/venta-casa-barranquilla-campo-alegre-3-habitaciones-3-banos-1-garajes/11069-M3607827
Appending data ... Data Successfully appended [OK]
POSTCODE:[10860-M3021335], link:https://www.metrocuadrado.com/inmueble/venta-casa-barranquilla-los-pinos-3-habitaciones-2-banos/10860-M3021335
Appending data ... Data Successfully appended [OK]
POSTCODE:[12153-M3897194], link:https://www.metrocuadrado.com/inmueble/venta-casa-barranquilla-el-tabor-3-habitaciones-3-banos-1-garajes/12153-M3897194
Appending data ... Data Successfully appended [OK]
POSTCODE:[130-4208], link:https://www.metrocuadrado.com/inmueble/venta-casa-barranquilla-conjunto-residencial-villa-campestre-4-habitaciones-5-banos-3-garajes/130-4208
Appending data ... Data Successfully appended [OK]
Error at extracting process: POSTCODE:[130-3764], link:https://www.metrocuadrado.com/inmueble/venta-casa-barranquilla-la-concepcion-1-habitaciones/130-3764
POSTCODE:[5410-M3474487], link:https://www.metrocuadrado.com/inmueble/venta-casa-barranquilla-ub.-altos-de-parque-3-habitaciones-5-banos/5410-M3474487
Appending data ... Data Successfully appended [OK]
POSTCODE:[9947-M3569181], link:https://www.metrocuadrado.com/inmueble/venta-casa-barranquilla-el-tabor-3-habitaciones-2-banos-2-garajes/9947-M3569181
Appending data ... Data Successfully appended [OK]
Error at extracting process: POSTCODE:[2969-M3606914], link:https://www.metrocuadrado.com/inmueble/venta-casa-barranquilla-conjunto-residencial-villa-campestre-3-habitaciones-4-banos-2-garajes/2969-M3606914
Error at extracting process: POSTCODE:[13156-M3822588], link:https://www.metrocuadrado.com/inmueble/venta-casa-barranquilla-el-recreo-3-habitaciones-3-banos-1-garajes/13156-M3822588
POSTCODE:[10881-M3549480], link:https://www.metrocuadrado.com/inmueble/venta-casa-barranquilla-conjunto-residencial-villa-campestre-3-habitaciones-4-banos-2-garajes/10881-M3549480
Appending data ... Data Successfully appended [OK]
POSTCODE:[9851-M3560469], link:https://www.metrocuadrado.com/inmueble/venta-casa-barranquilla-ciudad-jardin-4-habitaciones-3-banos-1-garajes/9851-M3560469
Appending data ... Data Successfully appended [OK]
POSTCODE:[130-2543], link:https://www.metrocuadrado.com/inmueble/venta-casa-barranquilla-altos-del-limon-5-habitaciones-5-banos-2-garajes/130-2543
Appending data ... Data Successfully appended [OK]
POSTCODE:[671-M3821572], link:https://www.metrocuadrado.com/inmueble/venta-casa-barranquilla-boston-5-habitaciones-5-banos/671-M3821572
Appending data ... Data Successfully appended [OK]
POSTCODE:[9947-M3676620], link:https://www.metrocuadrado.com/inmueble/venta-casa-barranquilla-la-luz-3-habitaciones-2-banos/9947-M3676620
Appending data ... Data Successfully appended [OK]
POSTCODE:[14676-M3751958], link:https://www.metrocuadrado.com/inmueble/venta-casa-barranquilla-el-prado-5-habitaciones-4-banos-4-garajes/14676-M3751958
Appending data ... Data Successfully appended [OK]
POSTCODE:[12287-M3219961], link:https://www.metrocuadrado.com/inmueble/venta-casa-barranquilla-nueva-granada-3-habitaciones-4-banos/12287-M3219961
Appending data ... Data Successfully appended [OK]
POSTCODE:[10881-M3750875], link:https://www.metrocuadrado.com/inmueble/venta-casa-barranquilla-betania-5-habitaciones-5-banos/10881-M3750875
Appending data ... Data Successfully appended [OK]
POSTCODE:[14392-M3684392], link:https://www.metrocuadrado.com/inmueble/venta-casa-barranquilla-paraiso-5-habitaciones-5-banos-2-garajes/14392-M3684392
Appending data ... Data Successfully appended [OK]
POSTCODE:[10926-M2884193], link:https://www.metrocuadrado.com/inmueble/venta-casa-barranquilla-san-jose-5-habitaciones-3-banos/10926-M2884193
Appending data ... Data Successfully appended [OK]
POSTCODE:[130-M3223974], link:https://www.metrocuadrado.com/inmueble/venta-casa-barranquilla-altos-de-riomar-4-habitaciones-4-banos-2-garajes/130-M3223974
Appending data ... Data Successfully appended [OK]
POSTCODE:[10881-M3750889], link:https://www.metrocuadrado.com/inmueble/venta-casa-barranquilla-el-porvenir-5-habitaciones-4-banos-4-garajes/10881-M3750889
Appending data ... Data Successfully appended [OK]
POSTCODE:[710-M3751083], link:https://www.metrocuadrado.com/inmueble/venta-casa-barranquilla-la-victoria-5-habitaciones-5-banos/710-M3751083
Appending data ... Data Successfully appended [OK]
POSTCODE:[12779-M3087723], link:https://www.metrocuadrado.com/inmueble/venta-casa-barranquilla-boston-5-habitaciones-5-banos-1-garajes/12779-M3087723
Appending data ... Data Successfully appended [OK]
Error at extracting process: POSTCODE:[9851-101666], link:https://www.metrocuadrado.com/inmueble/venta-casa-barranquilla-el-prado-4-habitaciones-3-banos-1-garajes/9851-101666
Error at extracting process: POSTCODE:[10159-M3676953], link:https://www.metrocuadrado.com/inmueble/venta-casa-barranquilla-el-tabor-3-habitaciones-5-banos-2-garajes/10159-M3676953
POSTCODE:[130-M3738666], link:https://www.metrocuadrado.com/inmueble/venta-casa-barranquilla-boston-4-habitaciones-2-banos/130-M3738666
Appending data ... Data Successfully appended [OK]
POSTCODE:[11071-M3752678], link:https://www.metrocuadrado.com/inmueble/venta-casa-barranquilla-andalucia-3-habitaciones-2-banos-1-garajes/11071-M3752678
Appending data ... Data Successfully appended [OK]
Error at extracting process: POSTCODE:[9851-11850], link:https://www.metrocuadrado.com/inmueble/venta-casa-barranquilla-villa-santos-4-habitaciones-5-banos-4-garajes/9851-11850
Error at extracting process: POSTCODE:[2969-3488], link:https://www.metrocuadrado.com/inmueble/venta-casa-barranquilla-el-poblado-1-habitaciones/2969-3488
POSTCODE:[10159-M3671820], link:https://www.metrocuadrado.com/inmueble/venta-casa-barranquilla-riomar-3-habitaciones-5-banos-2-garajes/10159-M3671820
Appending data ... Data Successfully appended [OK]
POSTCODE:[12780-M3280671], link:https://www.metrocuadrado.com/inmueble/venta-casa-barranquilla-riomar-3-habitaciones-3-banos-2-garajes/12780-M3280671
Appending data ... Data Successfully appended [OK]
POSTCODE:[14616-M3746071], link:https://www.metrocuadrado.com/inmueble/venta-casa-barranquilla-los-jobos-5-habitaciones-5-banos-4-garajes/14616-M3746071
Appending data ... Data Successfully appended [OK]
POSTCODE:[12779-M3358312], link:https://www.metrocuadrado.com/inmueble/venta-casa-barranquilla-el-silencio-3-habitaciones-3-banos-1-garajes/12779-M3358312
Appending data ... Data Successfully appended [OK]
POSTCODE:[12779-M2970796], link:https://www.metrocuadrado.com/inmueble/venta-casa-barranquilla-el-porvenir-5-habitaciones-3-banos-2-garajes/12779-M2970796
Appending data ... Data Successfully appended [OK]
POSTCODE:[11069-M3479433], link:https://www.metrocuadrado.com/inmueble/venta-casa-barranquilla-altos-del-limon-3-habitaciones-4-banos-2-garajes/11069-M3479433
Appending data ... Data Successfully appended [OK]
POSTCODE:[11069-M3566683], link:https://www.metrocuadrado.com/inmueble/venta-casa-barranquilla-villa-santos-3-habitaciones-4-banos-2-garajes/11069-M3566683
Appending data ... Data Successfully appended [OK]
POSTCODE:[13093-M3218429], link:https://www.metrocuadrado.com/inmueble/venta-casa-barranquilla-altos-del-limon-3-habitaciones-3-banos-2-garajes/13093-M3218429
Appending data ... Data Successfully appended [OK]
POSTCODE:[11069-M3670317], link:https://www.metrocuadrado.com/inmueble/venta-casa-barranquilla-altos-del-limon-3-habitaciones-4-banos-2-garajes/11069-M3670317
Appending data ... Data Successfully appended [OK]
POSTCODE:[12779-M3736101], link:https://www.metrocuadrado.com/inmueble/venta-casa-barranquilla-altos-de-riomar-4-habitaciones-4-banos-2-garajes/12779-M3736101
Appending data ... Data Successfully appended [OK]
POSTCODE:[11069-M3346839], link:https://www.metrocuadrado.com/inmueble/venta-casa-barranquilla-ub.-altos-de-parque-3-habitaciones-5-banos-2-garajes/11069-M3346839
Appending data ... Data Successfully appended [OK]
POSTCODE:[12779-M3353862], link:https://www.metrocuadrado.com/inmueble/venta-casa-barranquilla-santa-monica-4-habitaciones-3-banos-2-garajes/12779-M3353862
Appending data ... Data Successfully appended [OK]
POSTCODE:[11069-M3479508], link:https://www.metrocuadrado.com/inmueble/venta-casa-barranquilla-villa-santos-3-habitaciones-5-banos-2-garajes/11069-M3479508
Appending data ... Data Successfully appended [OK]
POSTCODE:[12779-M2970331], link:https://www.metrocuadrado.com/inmueble/venta-casa-barranquilla-san-felipe-5-habitaciones-3-banos/12779-M2970331
Appending data ... Data Successfully appended [OK]
POSTCODE:[11069-M3346692], link:https://www.metrocuadrado.com/inmueble/venta-casa-barranquilla-villa-santos-3-habitaciones-5-banos-2-garajes/11069-M3346692
Appending data ... Data Successfully appended [OK]
Error at extracting process: POSTCODE:[13093-M3480111], link:https://www.metrocuadrado.com/inmueble/venta-casa-barranquilla-ub.-altos-de-parque-3-habitaciones-4-banos-2-garajes/13093-M3480111
POSTCODE:[11328-M3748953], link:https://www.metrocuadrado.com/inmueble/venta-casa-barranquilla-villa-del-este-3-habitaciones-4-banos-2-garajes/11328-M3748953
Appending data ... Data Successfully appended [OK]
POSTCODE:[9851-100155], link:https://www.metrocuadrado.com/inmueble/venta-casa-barranquilla-la-floresta-3-habitaciones-2-banos-2-garajes/9851-100155
Appending data ... Data Successfully appended [OK]
POSTCODE:[9851-101992], link:https://www.metrocuadrado.com/inmueble/venta-casa-barranquilla-san-vicente-3-habitaciones-2-banos-2-garajes/9851-101992
Appending data ... Data Successfully appended [OK]
POSTCODE:[9851-13785], link:https://www.metrocuadrado.com/inmueble/venta-casa-barranquilla-el-prado-5-habitaciones-2-banos/9851-13785
Appending data ... Data Successfully appended [OK]
Error at extracting process: POSTCODE:[2969-4209], link:https://www.metrocuadrado.com/inmueble/venta-casa-barranquilla-altos-del-prado-1-habitaciones-2-garajes/2969-4209
Error at extracting process: POSTCODE:[2969-M3820130], link:https://www.metrocuadrado.com/inmueble/venta-casa-barranquilla-ub.-castellana-real-3-habitaciones-4-banos-2-garajes/2969-M3820130
POSTCODE:[2969-M3814823], link:https://www.metrocuadrado.com/inmueble/venta-casa-barranquilla-ub.-altos-de-parque-3-habitaciones-4-banos-3-garajes/2969-M3814823
Appending data ... Data Successfully appended [OK]
POSTCODE:[10159-M3083268], link:https://www.metrocuadrado.com/inmueble/venta-casa-barranquilla-conjunto-residencial-villa-campestre-4-habitaciones-5-banos-3-garajes/10159-M3083268
Appending data ... Data Successfully appended [OK]
POSTCODE:[9947-M3821791], link:https://www.metrocuadrado.com/inmueble/venta-casa-barranquilla-el-porvenir-5-habitaciones-5-banos/9947-M3821791
Appending data ... Data Successfully appended [OK]
POSTCODE:[9947-M3895281], link:https://www.metrocuadrado.com/inmueble/venta-casa-barranquilla-campo-alegre-4-habitaciones-3-banos-1-garajes/9947-M3895281
Appending data ... Data Successfully appended [OK]
POSTCODE:[10159-M2984523], link:https://www.metrocuadrado.com/inmueble/venta-casa-barranquilla-villa-santos-3-habitaciones-4-banos-2-garajes/10159-M2984523
Appending data ... Data Successfully appended [OK]
POSTCODE:[10926-M3736118], link:https://www.metrocuadrado.com/inmueble/venta-casa-barranquilla-riomar-5-habitaciones-4-banos-4-garajes/10926-M3736118
Appending data ... Data Successfully appended [OK]
Error at extracting process: POSTCODE:[9947-M3893066], link:https://www.metrocuadrado.com/inmueble/venta-casa-barranquilla-conjunto-residencial-villa-campestre-4-habitaciones-5-banos-4-garajes/9947-M3893066
POSTCODE:[671-M3748304], link:https://www.metrocuadrado.com/inmueble/venta-casa-barranquilla-villa-santos-5-habitaciones-5-banos-4-garajes/671-M3748304
Appending data ... Data Successfully appended [OK]
POSTCODE:[9947-M3893258], link:https://www.metrocuadrado.com/inmueble/venta-casa-barranquilla-san-francisco-3-habitaciones-2-banos-1-garajes/9947-M3893258
Appending data ... Data Successfully appended [OK]
POSTCODE:[10159-M3078416], link:https://www.metrocuadrado.com/inmueble/venta-casa-barranquilla-las-delicias-4-habitaciones-3-banos-2-garajes/10159-M3078416
Appending data ... Data Successfully appended [OK]
POSTCODE:[12287-M3050673], link:https://www.metrocuadrado.com/inmueble/venta-casa-barranquilla-paraiso-3-habitaciones-3-banos-1-garajes/12287-M3050673
Appending data ... Data Successfully appended [OK]
POSTCODE:[12287-M3110717], link:https://www.metrocuadrado.com/inmueble/venta-casa-barranquilla-paraiso-3-habitaciones-4-banos-2-garajes/12287-M3110717
Appending data ... Data Successfully appended [OK]
POSTCODE:[12287-M3050625], link:https://www.metrocuadrado.com/inmueble/venta-casa-barranquilla-paraiso-5-habitaciones-4-banos-1-garajes/12287-M3050625
Appending data ... Data Successfully appended [OK]
POSTCODE:[671-M3820381], link:https://www.metrocuadrado.com/inmueble/venta-casa-barranquilla-el-recreo-3-habitaciones-1-banos/671-M3820381
Appending data ... Data Successfully appended [OK]
POSTCODE:[10926-M3670507], link:https://www.metrocuadrado.com/inmueble/venta-casa-barranquilla-las-delicias-5-habitaciones-4-banos-2-garajes/10926-M3670507
Appending data ... Data Successfully appended [OK]
POSTCODE:[495-M3362896], link:https://www.metrocuadrado.com/inmueble/venta-casa-barranquilla-conjunto-residencial-villa-campestre-3-habitaciones-3-banos-2-garajes/495-M3362896
Appending data ... Data Successfully appended [OK]
POSTCODE:[12287-M3050636], link:https://www.metrocuadrado.com/inmueble/venta-casa-barranquilla-villa-country-3-habitaciones-3-banos-1-garajes/12287-M3050636
Appending data ... Data Successfully appended [OK]
POSTCODE:[12287-M3057618], link:https://www.metrocuadrado.com/inmueble/venta-casa-barranquilla-el-tabor-5-habitaciones-4-banos-2-garajes/12287-M3057618
Appending data ... Data Successfully appended [OK]
POSTCODE:[710-M3479016], link:https://www.metrocuadrado.com/inmueble/venta-casa-barranquilla-el-prado-4-habitaciones-4-banos/710-M3479016
Appending data ... Data Successfully appended [OK]
POSTCODE:[12287-M3050592], link:https://www.metrocuadrado.com/inmueble/venta-casa-barranquilla-el-carmen-5-habitaciones-2-banos-1-garajes/12287-M3050592
Appending data ... Data Successfully appended [OK]
POSTCODE:[12287-M3157211], link:https://www.metrocuadrado.com/inmueble/venta-casa-barranquilla-betania-5-habitaciones-3-banos-2-garajes/12287-M3157211
Appending data ... Data Successfully appended [OK]
POSTCODE:[2398-M3516532], link:https://www.metrocuadrado.com/inmueble/venta-casa-barranquilla-altos-del-limon-3-habitaciones-3-banos-1-garajes/2398-M3516532
Appending data ... Data Successfully appended [OK]
POSTCODE:[12287-M3121673], link:https://www.metrocuadrado.com/inmueble/venta-casa-barranquilla-batallon-infanteria-5-habitaciones-2-banos-1-garajes/12287-M3121673
Appending data ... Data Successfully appended [OK]
POSTCODE:[12287-M3221289], link:https://www.metrocuadrado.com/inmueble/venta-casa-barranquilla-nueva-granada-3-habitaciones-3-banos-2-garajes/12287-M3221289
Appending data ... Data Successfully appended [OK]
POSTCODE:[12287-M3057611], link:https://www.metrocuadrado.com/inmueble/venta-casa-barranquilla-andalucia-4-habitaciones-4-banos-2-garajes/12287-M3057611
Appending data ... Data Successfully appended [OK]
POSTCODE:[10881-M3079692], link:https://www.metrocuadrado.com/inmueble/venta-casa-barranquilla-granadillo-3-habitaciones-3-banos-1-garajes/10881-M3079692
Appending data ... Data Successfully appended [OK]
POSTCODE:[10926-M3671836], link:https://www.metrocuadrado.com/inmueble/venta-casa-barranquilla-villa-santos-4-habitaciones-3-banos-2-garajes/10926-M3671836
Appending data ... Data Successfully appended [OK]
POSTCODE:[14220-M3820749], link:https://www.metrocuadrado.com/inmueble/venta-casa-barranquilla-la-victoria-5-habitaciones-3-banos-2-garajes/14220-M3820749
Appending data ... Data Successfully appended [OK]
POSTCODE:[10159-M3199758], link:https://www.metrocuadrado.com/inmueble/venta-casa-barranquilla-la-floresta-5-habitaciones-2-banos/10159-M3199758
Appending data ... Data Successfully appended [OK]
POSTCODE:[10159-M3312171], link:https://www.metrocuadrado.com/inmueble/venta-casa-barranquilla-las-delicias-5-habitaciones-4-banos-1-garajes/10159-M3312171
Appending data ... Data Successfully appended [OK]
POSTCODE:[10881-M3063894], link:https://www.metrocuadrado.com/inmueble/venta-casa-barranquilla-conjunto-residencial-villa-campestre-3-habitaciones-4-banos-3-garajes/10881-M3063894
Appending data ... Data Successfully appended [OK]
POSTCODE:[495-M3363007], link:https://www.metrocuadrado.com/inmueble/venta-casa-barranquilla-el-prado-4-habitaciones-3-banos-2-garajes/495-M3363007
Appending data ... Data Successfully appended [OK]
POSTCODE:[9851-M3604933], link:https://www.metrocuadrado.com/inmueble/venta-casa-barranquilla-villa-carolina-3-habitaciones-2-banos-1-garajes/9851-M3604933
Appending data ... Data Successfully appended [OK]
POSTCODE:[11069-M3555429], link:https://www.metrocuadrado.com/inmueble/venta-casa-barranquilla-villa-santos-4-habitaciones-4-banos-4-garajes/11069-M3555429
Appending data ... Data Successfully appended [OK]
POSTCODE:[12780-M3341653], link:https://www.metrocuadrado.com/inmueble/venta-casa-barranquilla-villa-santos-3-habitaciones-5-banos-1-garajes/12780-M3341653
Appending data ... Data Successfully appended [OK]
POSTCODE:[10365-M3613125], link:https://www.metrocuadrado.com/inmueble/venta-casa-barranquilla-ub.-altos-de-parque-3-habitaciones-4-banos-2-garajes/10365-M3613125
Appending data ... Data Successfully appended [OK]
POSTCODE:[13093-M3891986], link:https://www.metrocuadrado.com/inmueble/venta-casa-barranquilla-la-ceiba-4-habitaciones-2-banos/13093-M3891986
Appending data ... Data Successfully appended [OK]
POSTCODE:[12779-M2971291], link:https://www.metrocuadrado.com/inmueble/venta-casa-barranquilla-la-victoria-5-habitaciones-3-banos/12779-M2971291
Appending data ... Data Successfully appended [OK]
POSTCODE:[13774-M3216866], link:https://www.metrocuadrado.com/inmueble/venta-casa-barranquilla-ciudad-jardin-4-habitaciones-4-banos-1-garajes/13774-M3216866
Appending data ... Data Successfully appended [OK]
POSTCODE:[12636-M3560850], link:https://www.metrocuadrado.com/inmueble/venta-casa-barranquilla-el-tabor-5-habitaciones-2-banos-4-garajes/12636-M3560850
Appending data ... Data Successfully appended [OK]
POSTCODE:[12780-M3667121], link:https://www.metrocuadrado.com/inmueble/venta-casa-barranquilla-ciudad-jardin-4-habitaciones-5-banos-3-garajes/12780-M3667121
Appending data ... Data Successfully appended [OK]
POSTCODE:[11071-M3595919], link:https://www.metrocuadrado.com/inmueble/venta-casa-barranquilla-urbanizacion-los-corales-3-habitaciones-2-banos-2-garajes/11071-M3595919
Appending data ... Data Successfully appended [OK]
POSTCODE:[11069-M2772437], link:https://www.metrocuadrado.com/inmueble/venta-casa-barranquilla-los-alpes-5-habitaciones-5-banos-2-garajes/11069-M2772437
Appending data ... Data Successfully appended [OK]
POSTCODE:[11328-M3614955], link:https://www.metrocuadrado.com/inmueble/venta-casa-barranquilla-el-silencio-3-habitaciones-2-banos-1-garajes/11328-M3614955
Appending data ... Data Successfully appended [OK]
POSTCODE:[12779-M3171542], link:https://www.metrocuadrado.com/inmueble/venta-casa-barranquilla-san-felipe-5-habitaciones-3-banos/12779-M3171542
Appending data ... Data Successfully appended [OK]
POSTCODE:[14162-M3820936], link:https://www.metrocuadrado.com/inmueble/venta-casa-barranquilla-villa-santos-3-habitaciones-4-banos-2-garajes/14162-M3820936
Appending data ... Data Successfully appended [OK]
POSTCODE:[12779-M2964803], link:https://www.metrocuadrado.com/inmueble/venta-casa-barranquilla-paraiso-4-habitaciones-5-banos-1-garajes/12779-M2964803
Appending data ... Data Successfully appended [OK]
POSTCODE:[11328-M3614345], link:https://www.metrocuadrado.com/inmueble/venta-casa-barranquilla-na-5-habitaciones-5-banos-3-garajes/11328-M3614345
Appending data ... Data Successfully appended [OK]
POSTCODE:[9851-101793], link:https://www.metrocuadrado.com/inmueble/venta-casa-barranquilla-ciudad-jardin-5-habitaciones-5-banos-4-garajes/9851-101793
Appending data ... Data Successfully appended [OK]
POSTCODE:[9851-13666], link:https://www.metrocuadrado.com/inmueble/venta-casa-barranquilla-el-tabor-4-habitaciones-3-banos-4-garajes/9851-13666
Appending data ... Data Successfully appended [OK]
POSTCODE:[9947-M3705968], link:https://www.metrocuadrado.com/inmueble/venta-casa-barranquilla-villa-santos-5-habitaciones-5-banos-4-garajes/9947-M3705968
Appending data ... Data Successfully appended [OK]
POSTCODE:[9947-M3891627], link:https://www.metrocuadrado.com/inmueble/venta-casa-barranquilla-los-nogales-5-habitaciones-3-banos-4-garajes/9947-M3891627
Appending data ... Data Successfully appended [OK]
POSTCODE:[2398-M3524183], link:https://www.metrocuadrado.com/inmueble/venta-casa-barranquilla-ub.-altos-de-parque-3-habitaciones-5-banos-3-garajes/2398-M3524183
Appending data ... Data Successfully appended [OK]
POSTCODE:[9851-12856], link:https://www.metrocuadrado.com/inmueble/venta-casa-barranquilla-la-floresta-4-habitaciones-2-banos-1-garajes/9851-12856
Appending data ... Data Successfully appended [OK]
POSTCODE:[2398-M3524989], link:https://www.metrocuadrado.com/inmueble/venta-casa-barranquilla-la-cumbre-5-habitaciones-5-banos-3-garajes/2398-M3524989
Appending data ... Data Successfully appended [OK]
POSTCODE:[5410-10439], link:https://www.metrocuadrado.com/inmueble/venta-casa-barranquilla-conjunto-residencial-villa-campestre-4-habitaciones-5-banos-4-garajes/5410-10439
Appending data ... Data Successfully appended [OK]
POSTCODE:[10881-M3286773], link:https://www.metrocuadrado.com/inmueble/venta-casa-barranquilla-conjunto-residencial-villa-campestre-4-habitaciones-5-banos-3-garajes/10881-M3286773
Appending data ... Data Successfully appended [OK]
POSTCODE:[14392-M3812834], link:https://www.metrocuadrado.com/inmueble/venta-casa-barranquilla-ub.-castellana-real-3-habitaciones-4-banos-3-garajes/14392-M3812834
Appending data ... Data Successfully appended [OK]
Error at extracting process: POSTCODE:[2398-M3524990], link:https://www.metrocuadrado.com/inmueble/venta-casa-barranquilla-conjunto-residencial-villa-campestre-3-habitaciones-3-banos-2-garajes/2398-M3524990
POSTCODE:[10338-M3244722], link:https://www.metrocuadrado.com/inmueble/venta-casa-barranquilla-conjunto-residencial-villa-campestre-3-habitaciones-4-banos-4-garajes/10338-M3244722
Appending data ... Data Successfully appended [OK]
POSTCODE:[2398-M3524979], link:https://www.metrocuadrado.com/inmueble/venta-casa-barranquilla-campo-alegre-4-habitaciones-4-banos-2-garajes/2398-M3524979
Appending data ... Data Successfully appended [OK]
POSTCODE:[9947-M3823053], link:https://www.metrocuadrado.com/inmueble/venta-casa-barranquilla-los-pinos-3-habitaciones-2-banos-1-garajes/9947-M3823053
Appending data ... Data Successfully appended [OK]
Error at extracting process: POSTCODE:[10338-953022], link:https://www.metrocuadrado.com/inmueble/venta-casa-barranquilla-zona-franca-industrial-4-habitaciones-5-banos-4-garajes/10338-953022
POSTCODE:[2398-M3524957], link:https://www.metrocuadrado.com/inmueble/venta-casa-barranquilla-la-campina-4-habitaciones-4-banos-1-garajes/2398-M3524957
Appending data ... Data Successfully appended [OK]
POSTCODE:[9947-M3654761], link:https://www.metrocuadrado.com/inmueble/venta-casa-barranquilla-santana-3-habitaciones-2-banos-1-garajes/9947-M3654761
Appending data ... Data Successfully appended [OK]
POSTCODE:[2398-M3625134], link:https://www.metrocuadrado.com/inmueble/venta-casa-barranquilla-el-limoncito-3-habitaciones-4-banos-2-garajes/2398-M3625134
Appending data ... Data Successfully appended [OK]
POSTCODE:[9947-M3881410], link:https://www.metrocuadrado.com/inmueble/venta-casa-barranquilla-el-recreo-3-habitaciones-3-banos-2-garajes/9947-M3881410
Appending data ... Data Successfully appended [OK]
POSTCODE:[9889-M3889562], link:https://www.metrocuadrado.com/inmueble/venta-casa-barranquilla-villa-santos-4-habitaciones-4-banos-2-garajes/9889-M3889562
Appending data ... Data Successfully appended [OK]
POSTCODE:[130-M3730689], link:https://www.metrocuadrado.com/inmueble/venta-casa-barranquilla-altos-del-prado-4-habitaciones-4-banos-2-garajes/130-M3730689
Appending data ... Data Successfully appended [OK]
POSTCODE:[9947-M3889843], link:https://www.metrocuadrado.com/inmueble/venta-casa-barranquilla-el-campito-4-habitaciones-2-banos/9947-M3889843
Appending data ... Data Successfully appended [OK]
POSTCODE:[14392-M3818719], link:https://www.metrocuadrado.com/inmueble/venta-casa-barranquilla-conjunto-residencial-villa-campestre-3-habitaciones-5-banos-4-garajes/14392-M3818719
Appending data ... Data Successfully appended [OK]
POSTCODE:[2398-M3625548], link:https://www.metrocuadrado.com/inmueble/venta-casa-barranquilla-andalucia-4-habitaciones-3-banos-1-garajes/2398-M3625548
Appending data ... Data Successfully appended [OK]
POSTCODE:[2398-M3525100], link:https://www.metrocuadrado.com/inmueble/venta-casa-barranquilla-los-alpes-3-habitaciones-3-banos-1-garajes/2398-M3525100
Appending data ... Data Successfully appended [OK]
POSTCODE:[2361-M3813752], link:https://www.metrocuadrado.com/inmueble/venta-casa-barranquilla-altos-de-riomar-4-habitaciones-4-banos-2-garajes/2361-M3813752
Appending data ... Data Successfully appended [OK]
POSTCODE:[12287-M3464580], link:https://www.metrocuadrado.com/inmueble/venta-casa-barranquilla-villa-blanca-4-habitaciones-5-banos-3-garajes/12287-M3464580
Appending data ... Data Successfully appended [OK]
POSTCODE:[671-M3634713], link:https://www.metrocuadrado.com/inmueble/venta-casa-barranquilla-san-jose-3-habitaciones-2-banos-1-garajes/671-M3634713
Appending data ... Data Successfully appended [OK]
POSTCODE:[2398-M3525124], link:https://www.metrocuadrado.com/inmueble/venta-casa-barranquilla-el-limoncito-3-habitaciones-3-banos-1-garajes/2398-M3525124
Appending data ... Data Successfully appended [OK]
POSTCODE:[2398-M3524960], link:https://www.metrocuadrado.com/inmueble/venta-casa-barranquilla-altos-del-limon-4-habitaciones-4-banos-2-garajes/2398-M3524960
Appending data ... Data Successfully appended [OK]
POSTCODE:[13156-3818], link:https://www.metrocuadrado.com/inmueble/venta-casa-barranquilla-altos-del-prado-3-habitaciones-3-banos/13156-3818
Appending data ... Data Successfully appended [OK]
POSTCODE:[2398-M3525023], link:https://www.metrocuadrado.com/inmueble/venta-casa-barranquilla-el-tabor-5-habitaciones-5-banos-2-garajes/2398-M3525023
Appending data ... Data Successfully appended [OK]
POSTCODE:[2398-M3525072], link:https://www.metrocuadrado.com/inmueble/venta-casa-barranquilla-ciudad-jardin-4-habitaciones-3-banos-1-garajes/2398-M3525072
Appending data ... Data Successfully appended [OK]
POSTCODE:[10881-M3286775], link:https://www.metrocuadrado.com/inmueble/venta-casa-barranquilla-conjunto-residencial-villa-campestre-5-habitaciones-4-banos-4-garajes/10881-M3286775
Appending data ... Data Successfully appended [OK]
POSTCODE:[2969-M3813259], link:https://www.metrocuadrado.com/inmueble/venta-casa-barranquilla-cr.-castellana-campestre-3-habitaciones-3-banos-3-garajes/2969-M3813259
Appending data ... Data Successfully appended [OK]
POSTCODE:[2969-M3583110], link:https://www.metrocuadrado.com/inmueble/venta-casa-barranquilla-riomar-3-habitaciones-3-banos-2-garajes/2969-M3583110
Appending data ... Data Successfully appended [OK]
POSTCODE:[2398-M3524921], link:https://www.metrocuadrado.com/inmueble/venta-casa-barranquilla-andalucia-4-habitaciones-2-banos/2398-M3524921
Appending data ... Data Successfully appended [OK]
POSTCODE:[10338-M3814211], link:https://www.metrocuadrado.com/inmueble/venta-casa-barranquilla-ub.-altos-de-parque-3-habitaciones-4-banos-1-garajes/10338-M3814211
Appending data ... Data Successfully appended [OK]
POSTCODE:[671-M3732376], link:https://www.metrocuadrado.com/inmueble/venta-casa-barranquilla-el-porvenir-4-habitaciones-5-banos-2-garajes/671-M3732376
Appending data ... Data Successfully appended [OK]
POSTCODE:[10159-M3493092], link:https://www.metrocuadrado.com/inmueble/venta-casa-barranquilla-riomar-5-habitaciones-5-banos-4-garajes/10159-M3493092
Appending data ... Data Successfully appended [OK]
POSTCODE:[2398-M3524940], link:https://www.metrocuadrado.com/inmueble/venta-casa-barranquilla-los-nogales-4-habitaciones-5-banos-3-garajes/2398-M3524940
Appending data ... Data Successfully appended [OK]
POSTCODE:[10338-M3814120], link:https://www.metrocuadrado.com/inmueble/venta-casa-barranquilla-el-golf-5-habitaciones-5-banos-1-garajes/10338-M3814120
Appending data ... Data Successfully appended [OK]
POSTCODE:[2398-M3525063], link:https://www.metrocuadrado.com/inmueble/venta-casa-barranquilla-la-ceiba-3-habitaciones-1-banos/2398-M3525063
Appending data ... Data Successfully appended [OK]
POSTCODE:[2398-M3525085], link:https://www.metrocuadrado.com/inmueble/venta-casa-barranquilla-los-alpes-3-habitaciones-5-banos-1-garajes/2398-M3525085
Appending data ... Data Successfully appended [OK]
POSTCODE:[9851-M3341226], link:https://www.metrocuadrado.com/inmueble/venta-casa-barranquilla-ciudadela-veinte-de-julio-5-habitaciones-3-banos-4-garajes/9851-M3341226
Appending data ... Data Successfully appended [OK]
POSTCODE:[2398-M3525017], link:https://www.metrocuadrado.com/inmueble/venta-casa-barranquilla-ciudadela-veinte-de-julio-5-habitaciones-5-banos/2398-M3525017
Appending data ... Data Successfully appended [OK]
POSTCODE:[9851-M3288118], link:https://www.metrocuadrado.com/inmueble/venta-casa-barranquilla-el-golf-4-habitaciones-5-banos-3-garajes/9851-M3288118
Appending data ... Data Successfully appended [OK]
POSTCODE:[14392-M3674823], link:https://www.metrocuadrado.com/inmueble/venta-casa-barranquilla-villa-del-este-4-habitaciones-2-banos-2-garajes/14392-M3674823
Appending data ... Data Successfully appended [OK]
POSTCODE:[10881-M3549496], link:https://www.metrocuadrado.com/inmueble/venta-casa-barranquilla-el-limoncito-4-habitaciones-3-banos-2-garajes/10881-M3549496
Appending data ... Data Successfully appended [OK]
POSTCODE:[671-M3736011], link:https://www.metrocuadrado.com/inmueble/venta-casa-barranquilla-villa-santos-3-habitaciones-2-banos-2-garajes/671-M3736011
Appending data ... Data Successfully appended [OK]
POSTCODE:[10338-1823975], link:https://www.metrocuadrado.com/inmueble/venta-casa-barranquilla-riomar-3-habitaciones-5-banos-2-garajes/10338-1823975
Appending data ... Data Successfully appended [OK]
Error at extracting process: POSTCODE:[9851-M3606680], link:https://www.metrocuadrado.com/inmueble/venta-casa-barranquilla-batallon-infanteria-3-habitaciones-2-banos-1-garajes/9851-M3606680
Error at extracting process: POSTCODE:[10159-M3470043], link:https://www.metrocuadrado.com/inmueble/venta-casa-barranquilla-santa-monica-5-habitaciones-5-banos-1-garajes/10159-M3470043
POSTCODE:[10159-M3557991], link:https://www.metrocuadrado.com/inmueble/venta-casa-barranquilla-la-cumbre-3-habitaciones-4-banos-2-garajes/10159-M3557991
Appending data ... Data Successfully appended [OK]
POSTCODE:[13156-M3334335], link:https://www.metrocuadrado.com/inmueble/venta-casa-barranquilla-riomar-4-habitaciones-2-banos-4-garajes/13156-M3334335
Appending data ... Data Successfully appended [OK]
POSTCODE:[9947-M3819217], link:https://www.metrocuadrado.com/inmueble/venta-casa-barranquilla-villa-santos-3-habitaciones-4-banos/9947-M3819217
Appending data ... Data Successfully appended [OK]
POSTCODE:[10338-802062], link:https://www.metrocuadrado.com/inmueble/venta-casa-barranquilla-la-chinita-4-habitaciones-5-banos-3-garajes/10338-802062
Appending data ... Data Successfully appended [OK]
POSTCODE:[2398-M3525129], link:https://www.metrocuadrado.com/inmueble/venta-casa-barranquilla-el-prado-5-habitaciones-5-banos-1-garajes/2398-M3525129
Appending data ... Data Successfully appended [OK]
POSTCODE:[10159-M3352730], link:https://www.metrocuadrado.com/inmueble/venta-casa-barranquilla-ciudad-jardin-4-habitaciones-3-banos-2-garajes/10159-M3352730
Appending data ... Data Successfully appended [OK]
Error at extracting process: POSTCODE:[2969-M3813352], link:https://www.metrocuadrado.com/inmueble/venta-casa-barranquilla-san-vicente-5-habitaciones-5-banos-2-garajes/2969-M3813352
POSTCODE:[10338-3143467], link:https://www.metrocuadrado.com/inmueble/venta-casa-barranquilla-altos-de-riomar-5-habitaciones-5-banos-4-garajes/10338-3143467
Appending data ... Data Successfully appended [OK]
POSTCODE:[11697-M3813604], link:https://www.metrocuadrado.com/inmueble/venta-casa-barranquilla-los-pinos-3-habitaciones-2-banos-1-garajes/11697-M3813604
Appending data ... Data Successfully appended [OK]
POSTCODE:[11697-M3328628], link:https://www.metrocuadrado.com/inmueble/venta-casa-barranquilla-los-andes-5-habitaciones-3-banos-2-garajes/11697-M3328628
Appending data ... Data Successfully appended [OK]
POSTCODE:[9851-M3883069], link:https://www.metrocuadrado.com/inmueble/venta-casa-barranquilla-san-isidro-3-habitaciones-2-banos-1-garajes/9851-M3883069
Appending data ... Data Successfully appended [OK]
POSTCODE:[10159-M3332706], link:https://www.metrocuadrado.com/inmueble/venta-casa-barranquilla-ciudad-jardin-4-habitaciones-5-banos-4-garajes/10159-M3332706
Appending data ... Data Successfully appended [OK]
POSTCODE:[12287-M3195270], link:https://www.metrocuadrado.com/inmueble/venta-casa-barranquilla-el-silencio-4-habitaciones-2-banos/12287-M3195270
Appending data ... Data Successfully appended [OK]
POSTCODE:[12287-M3050667], link:https://www.metrocuadrado.com/inmueble/venta-casa-barranquilla-nueva-granada-3-habitaciones-3-banos-1-garajes/12287-M3050667
Appending data ... Data Successfully appended [OK]
POSTCODE:[10926-M3500456], link:https://www.metrocuadrado.com/inmueble/venta-casa-barranquilla-ciudad-jardin-3-habitaciones-2-banos-2-garajes/10926-M3500456
Appending data ... Data Successfully appended [OK]
